Arguments: 
  /usr/local/bin/node /usr/local/bin/yarn add @kris2485/randomid-generatore

PATH: 
  /usr/local/bin:/usr/bin:/bin:/usr/sbin:/sbin

Yarn version: 
  1.22.10

Node version: 
  14.15.4

Platform: 
  darwin x64

Trace: 
  Error: https://registry.yarnpkg.com/@kris2485%2frandomid-generatore: Not found
      at Request.params.callback [as _callback] (/usr/local/lib/node_modules/yarn/lib/cli.js:66988:18)
      at Request.self.callback (/usr/local/lib/node_modules/yarn/lib/cli.js:140662:22)
      at Request.emit (events.js:315:20)
      at Request.<anonymous> (/usr/local/lib/node_modules/yarn/lib/cli.js:141634:10)
      at Request.emit (events.js:315:20)
      at IncomingMessage.<anonymous> (/usr/local/lib/node_modules/yarn/lib/cli.js:141556:12)
      at Object.onceWrapper (events.js:421:28)
      at IncomingMessage.emit (events.js:327:22)
      at endReadableNT (internal/streams/readable.js:1327:12)
      at processTicksAndRejections (internal/process/task_queues.js:80:21)

npm manifest: 
  {
    "name": "@kris2485/randomid-generator",
    "version": "1.0.0",
    "main": "index.js",
    "repository": "git@github.com:kris2485/ID_generator.git",
    "author": "Krzysztof Rajnert <krzysiekrajnert@gmail.com>",
    "license": "MIT",
    "dependencies": {
      "your-package-name": "^0.0.0"
    }
  }

yarn manifest: 
  No manifest

Lockfile: 
  # THIS IS AN AUTOGENERATED FILE. DO NOT EDIT THIS FILE DIRECTLY.
  # yarn lockfile v1
  
  
  your-package-name@^0.0.0:
    version "0.0.0"
    resolved "https://registry.yarnpkg.com/your-package-name/-/your-package-name-0.0.0.tgz#5154d9a53eba8c6e86b66e85188d3e836c0b968a"
    integrity sha512-rSZcXpHm/885/C4tREMNhfdX8BiQuPM8zt/jvxL/qUJsweVrUlyluT5cQv+R4tQNoz5npIQ4gc/bww+7vLy6WA==
